###############################################################################
Welcome to Qprep version 5.06

Qprep> 
Reading molecular library ./0-ff/qoplsaa.lib

name  atoms  net Q  bonds  rules   imps Q-grps
ALA      10   0.00      9      0      2      3
ARG      24   1.00     23      2      6      4
ARN      23   0.00     22      2      5      5
ASN      14   0.00     13      1      4      5
ASP      12  -1.00     11      0      3      3
ASH      13   0.00     12      1      3      4
CYS      11   0.00     10      0      2      3
CYX      10   0.00      9      0      2      3
GLN      17   0.00     16      1      4      6
GLU      15  -1.00     14      0      3      4
GLH      16   0.00     15      1      3      5
GLY       7   0.00      6      0      2      2
HIP      18   1.00     18      0      7      3
HID      17  -0.00     17      0      6      3
HIE      17  -0.00     17      0      6      3
ILE      19   0.00     18      0      2      6
LEU      19   0.00     18      0      2      6
LYS      22   1.00     21      0      2      6
LYN      21   0.00     20      0      2      6
MET      17   0.00     16      0      2      4
PHE      20   0.00     20      0      8      8
PRO      14   0.00     14      0      2      4
SER      11   0.00     10      0      2      3
THR      14   0.00     13      0      2      4
TRP      24   0.00     25      0     11      8
TYR      21   0.00     21      0      8      8
VAL      16   0.00     15      0      2      5
NTE      21   1.00     20      0      1      6
HOH       3   0.00      3      0      0      1
SPC       3   0.00      3      0      0      1
K+        1   1.00      0      0      0    none, creating default
MG2+      1   2.00      0      0      0    none, creating default

Accumulated no. of library entries loaded =  32

Qprep> 
Reading molecular library ./0-ff/prb.lib

name  atoms  net Q  bonds  rules   imps Q-grps
PRB      11  -0.00     10      0      0      2

Accumulated no. of library entries loaded =  33

Qprep> 
Reading molecular library ./0-ff/cl-.lib

name  atoms  net Q  bonds  rules   imps Q-grps
CL-       1  -1.00      0      0      0      1

Accumulated no. of library entries loaded =  34

Qprep> 
Reading force field parameter file.
Forcefield name:               Q-OPLSAA
Forcefield type:               AMBER
Lennard-Jones combination rule:GEOMETRIC
Scaling of 1-4 electrostatics: 0.500
Cut-off rule:                  switching atoms
Improper potential:            PERIODIC
Improper generation:           EXPLICIT
 Coulomb constant is set to the default value of 332.
Read   60 atom types
>>>>> WARNING: No SYBYL name for one or more atom types.
Read    0 atom type alias names
Read    0 LJ type 2 pairs
Read   95 bond types
Read   41 unique bond parameters
>>>>> WARNING: No SYBYL bond type for one or more bond types.
Read  202 angle types
Read   77  unique angle parameters
Read  466 torsion types
Read  147 unique torsion parameters
Read   56 improper types
Force field parameters successfully read.

Qprep> 
PDB file contains    12 atoms.
The number of atoms in the topology will be    12
molecule    1: PRB     1
molecule    2: CL-     2

Successfully read PDB file with    2 molecules,
    2 residues totally (    2 in solute).
   12 atoms totally (   12 in solute).

Sequence listing:

PRB  CL- 

Qprep> 
Simulation sphere centre                   :      1.386   0.000   2.135
Simulation radius                          :     20.000
Qprep> >>>>> WARNING: System has not been solvated.
Using boundary center as solvent center.
Assigned    12 atom types.
Assigned    12 atomic charges.
Made        10 solute bonds.
Made         0 extra bonds.
Made         0 solvent bonds.
Made        18 solute angles.
Made         0 solvent angles.
Made        18 solute torsions.
Made         0 solvent torsions.
Made         0 solute impropers.
Made         0 solvent impropers.
Made        18 entries in the 1-4 neighbour list.
Made         0 entries in the long-range 1-4 neighbour list.
Made        28 entries in list of excluded neighbours.
Made         0 entries in list of long-range excluded neighbours.
Made         0 solute hydrogens.
Made         0 solvent hydrogens.
Made        3 solute  charge groups comprising a total of     12 atoms.
Made        0 solvent charge groups comprising a total of      0 atoms.
Effective water radius                     :  0.00
Topology successfully generated.
Qprep> 
---------------------------- Writing topology file ---------------------------
solute atoms                :     12
solvent atoms               :      0
co-ordinates                :     36
integer atom codes          :     12
solute bonds                :     10
solvent bonds               :      0
bond parameters             :      3
solute angles               :     18
solvent angles              :      0
angle parameters            :      5
torsions                    :     18
torsion parameters          :      2
impropers                   :      0
improper parameters         :      0
charges                     :     12
total charge of not excluded:  -1.00
charge groups               :      3
atom type parameters        :     60
polar LJ pairs              :      0
neighbour list              :     18
long-range neighbour list   :      0
neighbour exclusion list    :     28
long-range exclusions       :      0
residues                    :      2
molecules                   :      2
Atom type names             :     60
SYBYL type information      :     60
excluded atom list          :      0

Qprep> 

PDB file successfully written.

Qprep> 